# JRE version: OpenJDK Runtime Environment (8.0_202-b03) (build 1.8.0_202-release-1483-b03)
# Java VM: OpenJDK 64-Bit Server VM (25.202-b03 mixed mode windows-amd64 compressed oops)
Heap:
 PSYoungGen      total 307200K, used 63171K [0x00000000e0000000, 0x0000000100000000, 0x0000000100000000)
  eden space 206336K, 21% used [0x00000000e0000000,0x00000000e2bd5e30,0x00000000ec980000)
  from space 100864K, 18% used [0x00000000ec980000,0x00000000edb5b010,0x00000000f2c00000)
  to   space 153088K, 0% used [0x00000000f6a80000,0x00000000f6a80000,0x0000000100000000)
 ParOldGen       total 355328K, used 242073K [0x00000000a0000000, 0x00000000b5b00000, 0x00000000e0000000)
  object space 355328K, 68% used [0x00000000a0000000,0x00000000aec66578,0x00000000b5b00000)
 Metaspace       used 96297K, capacity 100100K, committed 101888K, reserved 1138688K
  class space    used 12082K, capacity 12911K, committed 13312K, reserved 1048576K
GC Heap History (10 events):
Event: 996.210 GC heap before
{Heap before GC invocations=32 (full 4):
 PSYoungGen      total 289792K, used 252481K [0x00000000e0000000, 0x00000000f7880000, 0x0000000100000000)
  eden space 209920K, 100% used [0x00000000e0000000,0x00000000ecd00000,0x00000000ecd00000)
  from space 79872K, 53% used [0x00000000ecd00000,0x00000000ef690660,0x00000000f1b00000)
  to   space 78336K, 0% used [0x00000000f2c00000,0x00000000f2c00000,0x00000000f7880000)
 ParOldGen       total 349696K, used 224979K [0x00000000a0000000, 0x00000000b5580000, 0x00000000e0000000)
  object space 349696K, 64% used [0x00000000a0000000,0x00000000adbb4e98,0x00000000b5580000)
 Metaspace       used 91166K, capacity 96050K, committed 96128K, reserved 1132544K
  class space    used 11678K, capacity 12654K, committed 12672K, reserved 1048576K
Event: 996.284 GC heap after
Heap after GC invocations=32 (full 4):
 PSYoungGen      total 284672K, used 78329K [0x00000000e0000000, 0x00000000fa380000, 0x0000000100000000)
  eden space 206336K, 0% used [0x00000000e0000000,0x00000000e0000000,0x00000000ec980000)
  from space 78336K, 99% used [0x00000000f2c00000,0x00000000f787e420,0x00000000f7880000)
  to   space 100864K, 0% used [0x00000000ec980000,0x00000000ec980000,0x00000000f2c00000)
 ParOldGen       total 349696K, used 254860K [0x00000000a0000000, 0x00000000b5580000, 0x00000000e0000000)
  object space 349696K, 72% used [0x00000000a0000000,0x00000000af8e3208,0x00000000b5580000)
 Metaspace       used 91166K, capacity 96050K, committed 96128K, reserved 1132544K
  class space    used 11678K, capacity 12654K, committed 12672K, reserved 1048576K
}
Event: 997.884 GC heap before
{Heap before GC invocations=33 (full 4):
 PSYoungGen      total 284672K, used 284665K [0x00000000e0000000, 0x00000000fa380000, 0x0000000100000000)
  eden space 206336K, 100% used [0x00000000e0000000,0x00000000ec980000,0x00000000ec980000)
  from space 78336K, 99% used [0x00000000f2c00000,0x00000000f787e420,0x00000000f7880000)
  to   space 100864K, 0% used [0x00000000ec980000,0x00000000ec980000,0x00000000f2c00000)
 ParOldGen       total 349696K, used 254860K [0x00000000a0000000, 0x00000000b5580000, 0x00000000e0000000)
  object space 349696K, 72% used [0x00000000a0000000,0x00000000af8e3208,0x00000000b5580000)
 Metaspace       used 96738K, capacity 101650K, committed 101888K, reserved 1138688K
  class space    used 12300K, capacity 13262K, committed 13312K, reserved 1048576K
Event: 997.982 GC heap after
Heap after GC invocations=33 (full 4):
 PSYoungGen      total 307200K, used 100851K [0x00000000e0000000, 0x00000000fa380000, 0x0000000100000000)
  eden space 206336K, 0% used [0x00000000e0000000,0x00000000e0000000,0x00000000ec980000)
  from space 100864K, 99% used [0x00000000ec980000,0x00000000f2bfcfa0,0x00000000f2c00000)
  to   space 78336K, 0% used [0x00000000f2c00000,0x00000000f2c00000,0x00000000f7880000)
 ParOldGen       total 349696K, used 288435K [0x00000000a0000000, 0x00000000b5580000, 0x00000000e0000000)
  object space 349696K, 82% used [0x00000000a0000000,0x00000000b19acd68,0x00000000b5580000)
 Metaspace       used 96738K, capacity 101650K, committed 101888K, reserved 1138688K
  class space    used 12300K, capacity 13262K, committed 13312K, reserved 1048576K
}
Event: 1002.537 GC heap before
{Heap before GC invocations=34 (full 4):
 PSYoungGen      total 307200K, used 307187K [0x00000000e0000000, 0x00000000fa380000, 0x0000000100000000)
  eden space 206336K, 100% used [0x00000000e0000000,0x00000000ec980000,0x00000000ec980000)
  from space 100864K, 99% used [0x00000000ec980000,0x00000000f2bfcfa0,0x00000000f2c00000)
  to   space 78336K, 0% used [0x00000000f2c00000,0x00000000f2c00000,0x00000000f7880000)
 ParOldGen       total 349696K, used 288435K [0x00000000a0000000, 0x00000000b5580000, 0x00000000e0000000)
  object space 349696K, 82% used [0x00000000a0000000,0x00000000b19acd68,0x00000000b5580000)
 Metaspace       used 96798K, capacity 101746K, committed 101888K, reserved 1138688K
  class space    used 12302K, capacity 13294K, committed 13312K, reserved 1048576K
Event: 1002.624 GC heap after
Heap after GC invocations=34 (full 4):
 PSYoungGen      total 284672K, used 78320K [0x00000000e0000000, 0x00000000fa380000, 0x0000000100000000)
  eden space 206336K, 0% used [0x00000000e0000000,0x00000000e0000000,0x00000000ec980000)
  from space 78336K, 99% used [0x00000000f2c00000,0x00000000f787c228,0x00000000f7880000)
  to   space 100864K, 0% used [0x00000000ec980000,0x00000000ec980000,0x00000000f2c00000)
 ParOldGen       total 355328K, used 355007K [0x00000000a0000000, 0x00000000b5b00000, 0x00000000e0000000)
  object space 355328K, 99% used [0x00000000a0000000,0x00000000b5aaffa0,0x00000000b5b00000)
 Metaspace       used 96798K, capacity 101746K, committed 101888K, reserved 1138688K
  class space    used 12302K, capacity 13294K, committed 13312K, reserved 1048576K
}
Event: 1002.624 GC heap before
{Heap before GC invocations=35 (full 5):
 PSYoungGen      total 284672K, used 78320K [0x00000000e0000000, 0x00000000fa380000, 0x0000000100000000)
  eden space 206336K, 0% used [0x00000000e0000000,0x00000000e0000000,0x00000000ec980000)
  from space 78336K, 99% used [0x00000000f2c00000,0x00000000f787c228,0x00000000f7880000)
  to   space 100864K, 0% used [0x00000000ec980000,0x00000000ec980000,0x00000000f2c00000)
 ParOldGen       total 355328K, used 355007K [0x00000000a0000000, 0x00000000b5b00000, 0x00000000e0000000)
  object space 355328K, 99% used [0x00000000a0000000,0x00000000b5aaffa0,0x00000000b5b00000)
 Metaspace       used 96798K, capacity 101746K, committed 101888K, reserved 1138688K
  class space    used 12302K, capacity 13294K, committed 13312K, reserved 1048576K
Event: 1004.680 GC heap after
Heap after GC invocations=35 (full 5):
 PSYoungGen      total 284672K, used 0K [0x00000000e0000000, 0x00000000fa380000, 0x0000000100000000)
  eden space 206336K, 0% used [0x00000000e0000000,0x00000000e0000000,0x00000000ec980000)
  from space 78336K, 0% used [0x00000000f2c00000,0x00000000f2c00000,0x00000000f7880000)
  to   space 100864K, 0% used [0x00000000ec980000,0x00000000ec980000,0x00000000f2c00000)
 ParOldGen       total 355328K, used 242073K [0x00000000a0000000, 0x00000000b5b00000, 0x00000000e0000000)
  object space 355328K, 68% used [0x00000000a0000000,0x00000000aec66578,0x00000000b5b00000)
 Metaspace       used 96165K, capacity 100074K, committed 101888K, reserved 1138688K
  class space    used 12080K, capacity 12908K, committed 13312K, reserved 1048576K
}
Event: 1018.497 GC heap before
{Heap before GC invocations=36 (full 5):
 PSYoungGen      total 284672K, used 206336K [0x00000000e0000000, 0x00000000fa380000, 0x0000000100000000)
  eden space 206336K, 100% used [0x00000000e0000000,0x00000000ec980000,0x00000000ec980000)
  from space 78336K, 0% used [0x00000000f2c00000,0x00000000f2c00000,0x00000000f7880000)
  to   space 100864K, 0% used [0x00000000ec980000,0x00000000ec980000,0x00000000f2c00000)
 ParOldGen       total 355328K, used 242073K [0x00000000a0000000, 0x00000000b5b00000, 0x00000000e0000000)
  object space 355328K, 68% used [0x00000000a0000000,0x00000000aec66578,0x00000000b5b00000)
 Metaspace       used 96256K, capacity 100096K, committed 101888K, reserved 1138688K
  class space    used 12082K, capacity 12911K, committed 13312K, reserved 1048576K
Event: 1018.517 GC heap after
Heap after GC invocations=36 (full 5):
 PSYoungGen      total 307200K, used 18284K [0x00000000e0000000, 0x0000000100000000, 0x0000000100000000)
  eden space 206336K, 0% used [0x00000000e0000000,0x00000000e0000000,0x00000000ec980000)
  from space 100864K, 18% used [0x00000000ec980000,0x00000000edb5b010,0x00000000f2c00000)
  to   space 153088K, 0% used [0x00000000f6a80000,0x00000000f6a80000,0x0000000100000000)
 ParOldGen       total 355328K, used 242073K [0x00000000a0000000, 0x00000000b5b00000, 0x00000000e0000000)
  object space 355328K, 68% used [0x00000000a0000000,0x00000000aec66578,0x00000000b5b00000)
 Metaspace       used 96256K, capacity 100096K, committed 101888K, reserved 1138688K
  class space    used 12082K, capacity 12911K, committed 13312K, reserved 1048576K
}

