# JRE version: OpenJDK Runtime Environment (8.0_202-b03) (build 1.8.0_202-release-1483-b03)
# Java VM: OpenJDK 64-Bit Server VM (25.202-b03 mixed mode windows-amd64 compressed oops)
Heap:
 PSYoungGen      total 347136K, used 6881K [0x00000000e0000000, 0x0000000100000000, 0x0000000100000000)
  eden space 244224K, 2% used [0x00000000e0000000,0x00000000e06b87b0,0x00000000eee80000)
  from space 102912K, 0% used [0x00000000eee80000,0x00000000eee80000,0x00000000f5300000)
  to   space 134656K, 0% used [0x00000000f7c80000,0x00000000f7c80000,0x0000000100000000)
 ParOldGen       total 456704K, used 241043K [0x00000000a0000000, 0x00000000bbe00000, 0x00000000e0000000)
  object space 456704K, 52% used [0x00000000a0000000,0x00000000aeb64fe8,0x00000000bbe00000)
 Metaspace       used 95751K, capacity 99646K, committed 101376K, reserved 1136640K
  class space    used 12066K, capacity 12902K, committed 13312K, reserved 1048576K
GC Heap History (10 events):
Event: 583.642 GC heap before
{Heap before GC invocations=28 (full 4):
 PSYoungGen      total 296960K, used 243281K [0x00000000e0000000, 0x00000000f8400000, 0x0000000100000000)
  eden space 224256K, 100% used [0x00000000e0000000,0x00000000edb00000,0x00000000edb00000)
  from space 72704K, 26% used [0x00000000edb00000,0x00000000eed94698,0x00000000f2200000)
  to   space 69120K, 0% used [0x00000000f4080000,0x00000000f4080000,0x00000000f8400000)
 ParOldGen       total 354304K, used 247398K [0x00000000a0000000, 0x00000000b5a00000, 0x00000000e0000000)
  object space 354304K, 69% used [0x00000000a0000000,0x00000000af199830,0x00000000b5a00000)
 Metaspace       used 89697K, capacity 93988K, committed 94208K, reserved 1130496K
  class space    used 11553K, capacity 12451K, committed 12544K, reserved 1048576K
Event: 583.656 GC heap after
Heap after GC invocations=28 (full 4):
 PSYoungGen      total 313856K, used 9670K [0x00000000e0000000, 0x00000000f7b80000, 0x0000000100000000)
  eden space 253440K, 0% used [0x00000000e0000000,0x00000000e0000000,0x00000000ef780000)
  from space 60416K, 16% used [0x00000000f4080000,0x00000000f49f1940,0x00000000f7b80000)
  to   space 67584K, 0% used [0x00000000ef780000,0x00000000ef780000,0x00000000f3980000)
 ParOldGen       total 354304K, used 247406K [0x00000000a0000000, 0x00000000b5a00000, 0x00000000e0000000)
  object space 354304K, 69% used [0x00000000a0000000,0x00000000af19b830,0x00000000b5a00000)
 Metaspace       used 89697K, capacity 93988K, committed 94208K, reserved 1130496K
  class space    used 11553K, capacity 12451K, committed 12544K, reserved 1048576K
}
Event: 612.463 GC heap before
{Heap before GC invocations=29 (full 4):
 PSYoungGen      total 313856K, used 263110K [0x00000000e0000000, 0x00000000f7b80000, 0x0000000100000000)
  eden space 253440K, 100% used [0x00000000e0000000,0x00000000ef780000,0x00000000ef780000)
  from space 60416K, 16% used [0x00000000f4080000,0x00000000f49f1940,0x00000000f7b80000)
  to   space 67584K, 0% used [0x00000000ef780000,0x00000000ef780000,0x00000000f3980000)
 ParOldGen       total 354304K, used 247406K [0x00000000a0000000, 0x00000000b5a00000, 0x00000000e0000000)
  object space 354304K, 69% used [0x00000000a0000000,0x00000000af19b830,0x00000000b5a00000)
 Metaspace       used 90683K, capacity 95490K, committed 95616K, reserved 1132544K
  class space    used 11636K, capacity 12602K, committed 12672K, reserved 1048576K
Event: 612.491 GC heap after
Heap after GC invocations=29 (full 4):
 PSYoungGen      total 321024K, used 51127K [0x00000000e0000000, 0x00000000f9a80000, 0x0000000100000000)
  eden space 253440K, 0% used [0x00000000e0000000,0x00000000e0000000,0x00000000ef780000)
  from space 67584K, 75% used [0x00000000ef780000,0x00000000f296dd50,0x00000000f3980000)
  to   space 73216K, 0% used [0x00000000f5300000,0x00000000f5300000,0x00000000f9a80000)
 ParOldGen       total 354304K, used 247414K [0x00000000a0000000, 0x00000000b5a00000, 0x00000000e0000000)
  object space 354304K, 69% used [0x00000000a0000000,0x00000000af19d830,0x00000000b5a00000)
 Metaspace       used 90683K, capacity 95490K, committed 95616K, reserved 1132544K
  class space    used 11636K, capacity 12602K, committed 12672K, reserved 1048576K
}
Event: 614.341 GC heap before
{Heap before GC invocations=30 (full 4):
 PSYoungGen      total 321024K, used 304567K [0x00000000e0000000, 0x00000000f9a80000, 0x0000000100000000)
  eden space 253440K, 100% used [0x00000000e0000000,0x00000000ef780000,0x00000000ef780000)
  from space 67584K, 75% used [0x00000000ef780000,0x00000000f296dd50,0x00000000f3980000)
  to   space 73216K, 0% used [0x00000000f5300000,0x00000000f5300000,0x00000000f9a80000)
 ParOldGen       total 354304K, used 247414K [0x00000000a0000000, 0x00000000b5a00000, 0x00000000e0000000)
  object space 354304K, 69% used [0x00000000a0000000,0x00000000af19d830,0x00000000b5a00000)
 Metaspace       used 96265K, capacity 101090K, committed 101376K, reserved 1136640K
  class space    used 12259K, capacity 13210K, committed 13312K, reserved 1048576K
Event: 614.424 GC heap after
Heap after GC invocations=30 (full 4):
 PSYoungGen      total 317440K, used 73205K [0x00000000e0000000, 0x00000000fdf00000, 0x0000000100000000)
  eden space 244224K, 0% used [0x00000000e0000000,0x00000000e0000000,0x00000000eee80000)
  from space 73216K, 99% used [0x00000000f5300000,0x00000000f9a7d690,0x00000000f9a80000)
  to   space 102912K, 0% used [0x00000000eee80000,0x00000000eee80000,0x00000000f5300000)
 ParOldGen       total 354304K, used 292480K [0x00000000a0000000, 0x00000000b5a00000, 0x00000000e0000000)
  object space 354304K, 82% used [0x00000000a0000000,0x00000000b1da0230,0x00000000b5a00000)
 Metaspace       used 96265K, capacity 101090K, committed 101376K, reserved 1136640K
  class space    used 12259K, capacity 13210K, committed 13312K, reserved 1048576K
}
Event: 617.993 GC heap before
{Heap before GC invocations=31 (full 4):
 PSYoungGen      total 317440K, used 317429K [0x00000000e0000000, 0x00000000fdf00000, 0x0000000100000000)
  eden space 244224K, 100% used [0x00000000e0000000,0x00000000eee80000,0x00000000eee80000)
  from space 73216K, 99% used [0x00000000f5300000,0x00000000f9a7d690,0x00000000f9a80000)
  to   space 102912K, 0% used [0x00000000eee80000,0x00000000eee80000,0x00000000f5300000)
 ParOldGen       total 354304K, used 292480K [0x00000000a0000000, 0x00000000b5a00000, 0x00000000e0000000)
  object space 354304K, 82% used [0x00000000a0000000,0x00000000b1da0230,0x00000000b5a00000)
 Metaspace       used 96314K, capacity 101186K, committed 101376K, reserved 1136640K
  class space    used 12261K, capacity 13242K, committed 13312K, reserved 1048576K
Event: 618.077 GC heap after
Heap after GC invocations=31 (full 4):
 PSYoungGen      total 347136K, used 102906K [0x00000000e0000000, 0x0000000100000000, 0x0000000100000000)
  eden space 244224K, 0% used [0x00000000e0000000,0x00000000e0000000,0x00000000eee80000)
  from space 102912K, 99% used [0x00000000eee80000,0x00000000f52feb18,0x00000000f5300000)
  to   space 134656K, 0% used [0x00000000f7c80000,0x00000000f7c80000,0x0000000100000000)
 ParOldGen       total 354304K, used 330067K [0x00000000a0000000, 0x00000000b5a00000, 0x00000000e0000000)
  object space 354304K, 93% used [0x00000000a0000000,0x00000000b4254d18,0x00000000b5a00000)
 Metaspace       used 96314K, capacity 101186K, committed 101376K, reserved 1136640K
  class space    used 12261K, capacity 13242K, committed 13312K, reserved 1048576K
}
Event: 618.077 GC heap before
{Heap before GC invocations=32 (full 5):
 PSYoungGen      total 347136K, used 102906K [0x00000000e0000000, 0x0000000100000000, 0x0000000100000000)
  eden space 244224K, 0% used [0x00000000e0000000,0x00000000e0000000,0x00000000eee80000)
  from space 102912K, 99% used [0x00000000eee80000,0x00000000f52feb18,0x00000000f5300000)
  to   space 134656K, 0% used [0x00000000f7c80000,0x00000000f7c80000,0x0000000100000000)
 ParOldGen       total 354304K, used 330067K [0x00000000a0000000, 0x00000000b5a00000, 0x00000000e0000000)
  object space 354304K, 93% used [0x00000000a0000000,0x00000000b4254d18,0x00000000b5a00000)
 Metaspace       used 96314K, capacity 101186K, committed 101376K, reserved 1136640K
  class space    used 12261K, capacity 13242K, committed 13312K, reserved 1048576K
Event: 618.828 GC heap after
Heap after GC invocations=32 (full 5):
 PSYoungGen      total 347136K, used 0K [0x00000000e0000000, 0x0000000100000000, 0x0000000100000000)
  eden space 244224K, 0% used [0x00000000e0000000,0x00000000e0000000,0x00000000eee80000)
  from space 102912K, 0% used [0x00000000eee80000,0x00000000eee80000,0x00000000f5300000)
  to   space 134656K, 0% used [0x00000000f7c80000,0x00000000f7c80000,0x0000000100000000)
 ParOldGen       total 456704K, used 241043K [0x00000000a0000000, 0x00000000bbe00000, 0x00000000e0000000)
  object space 456704K, 52% used [0x00000000a0000000,0x00000000aeb64fe8,0x00000000bbe00000)
 Metaspace       used 95750K, capacity 99646K, committed 101376K, reserved 1136640K
  class space    used 12065K, capacity 12902K, committed 13312K, reserved 1048576K
}

