# JRE version: OpenJDK Runtime Environment (8.0_202-b03) (build 1.8.0_202-release-1483-b03)
# Java VM: OpenJDK 64-Bit Server VM (25.202-b03 mixed mode windows-amd64 compressed oops)
Heap:
 PSYoungGen      total 330752K, used 3118K [0x00000000e0000000, 0x0000000100000000, 0x0000000100000000)
  eden space 204288K, 1% used [0x00000000e0000000,0x00000000e030bb88,0x00000000ec780000)
  from space 126464K, 0% used [0x00000000ec780000,0x00000000ec780000,0x00000000f4300000)
  to   space 161280K, 0% used [0x00000000f6280000,0x00000000f6280000,0x0000000100000000)
 ParOldGen       total 349696K, used 239017K [0x00000000a0000000, 0x00000000b5580000, 0x00000000e0000000)
  object space 349696K, 68% used [0x00000000a0000000,0x00000000ae96a718,0x00000000b5580000)
 Metaspace       used 95340K, capacity 99138K, committed 100224K, reserved 1136640K
  class space    used 12050K, capacity 12868K, committed 13184K, reserved 1048576K
GC Heap History (10 events):
Event: 1139.268 GC heap before
{Heap before GC invocations=30 (full 4):
 PSYoungGen      total 287744K, used 236645K [0x00000000e0000000, 0x00000000f8180000, 0x0000000100000000)
  eden space 196096K, 100% used [0x00000000e0000000,0x00000000ebf80000,0x00000000ebf80000)
  from space 91648K, 44% used [0x00000000ebf80000,0x00000000ee719768,0x00000000f1900000)
  to   space 87040K, 0% used [0x00000000f2c80000,0x00000000f2c80000,0x00000000f8180000)
 ParOldGen       total 349696K, used 211639K [0x00000000a0000000, 0x00000000b5580000, 0x00000000e0000000)
  object space 349696K, 60% used [0x00000000a0000000,0x00000000aceadcd8,0x00000000b5580000)
 Metaspace       used 89538K, capacity 93522K, committed 93824K, reserved 1130496K
  class space    used 11480K, capacity 12320K, committed 12416K, reserved 1048576K
Event: 1139.417 GC heap after
Heap after GC invocations=30 (full 4):
 PSYoungGen      total 294400K, used 46275K [0x00000000e0000000, 0x00000000f7880000, 0x0000000100000000)
  eden space 216576K, 0% used [0x00000000e0000000,0x00000000e0000000,0x00000000ed380000)
  from space 77824K, 59% used [0x00000000f2c80000,0x00000000f59b0de8,0x00000000f7880000)
  to   space 84480K, 0% used [0x00000000ed380000,0x00000000ed380000,0x00000000f2600000)
 ParOldGen       total 349696K, used 211647K [0x00000000a0000000, 0x00000000b5580000, 0x00000000e0000000)
  object space 349696K, 60% used [0x00000000a0000000,0x00000000aceafcd8,0x00000000b5580000)
 Metaspace       used 89538K, capacity 93522K, committed 93824K, reserved 1130496K
  class space    used 11480K, capacity 12320K, committed 12416K, reserved 1048576K
}
Event: 1156.770 GC heap before
{Heap before GC invocations=31 (full 4):
 PSYoungGen      total 294400K, used 262837K [0x00000000e0000000, 0x00000000f7880000, 0x0000000100000000)
  eden space 216576K, 99% used [0x00000000e0000000,0x00000000ed37c980,0x00000000ed380000)
  from space 77824K, 59% used [0x00000000f2c80000,0x00000000f59b0de8,0x00000000f7880000)
  to   space 84480K, 0% used [0x00000000ed380000,0x00000000ed380000,0x00000000f2600000)
 ParOldGen       total 349696K, used 211647K [0x00000000a0000000, 0x00000000b5580000, 0x00000000e0000000)
  object space 349696K, 60% used [0x00000000a0000000,0x00000000aceafcd8,0x00000000b5580000)
 Metaspace       used 90045K, capacity 94380K, committed 94720K, reserved 1132544K
  class space    used 11536K, capacity 12421K, committed 12544K, reserved 1048576K
Event: 1156.846 GC heap after
Heap after GC invocations=31 (full 4):
 PSYoungGen      total 301056K, used 78628K [0x00000000e0000000, 0x00000000f9f00000, 0x0000000100000000)
  eden space 216576K, 0% used [0x00000000e0000000,0x00000000e0000000,0x00000000ed380000)
  from space 84480K, 93% used [0x00000000ed380000,0x00000000f20491c0,0x00000000f2600000)
  to   space 94208K, 0% used [0x00000000f4300000,0x00000000f4300000,0x00000000f9f00000)
 ParOldGen       total 349696K, used 211655K [0x00000000a0000000, 0x00000000b5580000, 0x00000000e0000000)
  object space 349696K, 60% used [0x00000000a0000000,0x00000000aceb1cd8,0x00000000b5580000)
 Metaspace       used 90045K, capacity 94380K, committed 94720K, reserved 1132544K
  class space    used 11536K, capacity 12421K, committed 12544K, reserved 1048576K
}
Event: 1158.601 GC heap before
{Heap before GC invocations=32 (full 4):
 PSYoungGen      total 301056K, used 295204K [0x00000000e0000000, 0x00000000f9f00000, 0x0000000100000000)
  eden space 216576K, 100% used [0x00000000e0000000,0x00000000ed380000,0x00000000ed380000)
  from space 84480K, 93% used [0x00000000ed380000,0x00000000f20491c0,0x00000000f2600000)
  to   space 94208K, 0% used [0x00000000f4300000,0x00000000f4300000,0x00000000f9f00000)
 ParOldGen       total 349696K, used 211655K [0x00000000a0000000, 0x00000000b5580000, 0x00000000e0000000)
  object space 349696K, 60% used [0x00000000a0000000,0x00000000aceb1cd8,0x00000000b5580000)
 Metaspace       used 95589K, capacity 99916K, committed 100096K, reserved 1136640K
  class space    used 12151K, capacity 13029K, committed 13056K, reserved 1048576K
Event: 1158.695 GC heap after
Heap after GC invocations=32 (full 4):
 PSYoungGen      total 298496K, used 94205K [0x00000000e0000000, 0x00000000fe580000, 0x0000000100000000)
  eden space 204288K, 0% used [0x00000000e0000000,0x00000000e0000000,0x00000000ec780000)
  from space 94208K, 99% used [0x00000000f4300000,0x00000000f9eff640,0x00000000f9f00000)
  to   space 126464K, 0% used [0x00000000ec780000,0x00000000ec780000,0x00000000f4300000)
 ParOldGen       total 349696K, used 263512K [0x00000000a0000000, 0x00000000b5580000, 0x00000000e0000000)
  object space 349696K, 75% used [0x00000000a0000000,0x00000000b0156320,0x00000000b5580000)
 Metaspace       used 95589K, capacity 99916K, committed 100096K, reserved 1136640K
  class space    used 12151K, capacity 13029K, committed 13056K, reserved 1048576K
}
Event: 1159.771 GC heap before
{Heap before GC invocations=33 (full 4):
 PSYoungGen      total 298496K, used 298493K [0x00000000e0000000, 0x00000000fe580000, 0x0000000100000000)
  eden space 204288K, 100% used [0x00000000e0000000,0x00000000ec780000,0x00000000ec780000)
  from space 94208K, 99% used [0x00000000f4300000,0x00000000f9eff640,0x00000000f9f00000)
  to   space 126464K, 0% used [0x00000000ec780000,0x00000000ec780000,0x00000000f4300000)
 ParOldGen       total 349696K, used 263512K [0x00000000a0000000, 0x00000000b5580000, 0x00000000e0000000)
  object space 349696K, 75% used [0x00000000a0000000,0x00000000b0156320,0x00000000b5580000)
 Metaspace       used 95651K, capacity 100012K, committed 100224K, reserved 1136640K
  class space    used 12160K, capacity 13061K, committed 13184K, reserved 1048576K
Event: 1159.879 GC heap after
Heap after GC invocations=33 (full 4):
 PSYoungGen      total 330752K, used 126444K [0x00000000e0000000, 0x0000000100000000, 0x0000000100000000)
  eden space 204288K, 0% used [0x00000000e0000000,0x00000000e0000000,0x00000000ec780000)
  from space 126464K, 99% used [0x00000000ec780000,0x00000000f42fb290,0x00000000f4300000)
  to   space 161280K, 0% used [0x00000000f6280000,0x00000000f6280000,0x0000000100000000)
 ParOldGen       total 349696K, used 304199K [0x00000000a0000000, 0x00000000b5580000, 0x00000000e0000000)
  object space 349696K, 86% used [0x00000000a0000000,0x00000000b2911de0,0x00000000b5580000)
 Metaspace       used 95651K, capacity 100012K, committed 100224K, reserved 1136640K
  class space    used 12160K, capacity 13061K, committed 13184K, reserved 1048576K
}
Event: 1159.879 GC heap before
{Heap before GC invocations=34 (full 5):
 PSYoungGen      total 330752K, used 126444K [0x00000000e0000000, 0x0000000100000000, 0x0000000100000000)
  eden space 204288K, 0% used [0x00000000e0000000,0x00000000e0000000,0x00000000ec780000)
  from space 126464K, 99% used [0x00000000ec780000,0x00000000f42fb290,0x00000000f4300000)
  to   space 161280K, 0% used [0x00000000f6280000,0x00000000f6280000,0x0000000100000000)
 ParOldGen       total 349696K, used 304199K [0x00000000a0000000, 0x00000000b5580000, 0x00000000e0000000)
  object space 349696K, 86% used [0x00000000a0000000,0x00000000b2911de0,0x00000000b5580000)
 Metaspace       used 95651K, capacity 100012K, committed 100224K, reserved 1136640K
  class space    used 12160K, capacity 13061K, committed 13184K, reserved 1048576K
Event: 1160.870 GC heap after
Heap after GC invocations=34 (full 5):
 PSYoungGen      total 330752K, used 0K [0x00000000e0000000, 0x0000000100000000, 0x0000000100000000)
  eden space 204288K, 0% used [0x00000000e0000000,0x00000000e0000000,0x00000000ec780000)
  from space 126464K, 0% used [0x00000000ec780000,0x00000000ec780000,0x00000000f4300000)
  to   space 161280K, 0% used [0x00000000f6280000,0x00000000f6280000,0x0000000100000000)
 ParOldGen       total 349696K, used 239017K [0x00000000a0000000, 0x00000000b5580000, 0x00000000e0000000)
  object space 349696K, 68% used [0x00000000a0000000,0x00000000ae96a718,0x00000000b5580000)
 Metaspace       used 95335K, capacity 99138K, committed 100224K, reserved 1136640K
  class space    used 12050K, capacity 12868K, committed 13184K, reserved 1048576K
}

